生成启动时间为 2026/4/25 9:09:18。
日志记录详细程度设置为: Normal。
     1>项目“H:\Project\Ksword5.1\Ksword5.1\Ksword5.1.sln”在节点 1 上(Build 个目标)。
     1>ValidateSolutionConfiguration:
         正在生成解决方案配置“Debug|x64”。
     1>项目“H:\Project\Ksword5.1\Ksword5.1\Ksword5.1.sln”(1)正在节点 1 上生成“H:\Project\Ksword5.1\Ksword5.1\Ksword5.1\Ksword5.1.vcxproj”(2) (默认目标)。
     2>PrepareForBuild:
         已启用结构化输出。编译器诊断的格式设置将反映错误层次结构。有关详细信息，请参阅 https://aka.ms/cpp/structured-output。
       InitializeBuildStatus:
         正在对“x64\Debug\Ksword5.1.tlog\unsuccessfulbuild”执行 Touch 任务。
       ComputeStdModulesCompileInputs:
         正在读取为库 'microsoft/STL'提供数据的库清单文件 'G:\VS\VC\Tools\MSVC\14.44.35207\modules\modules.json'。
         正在从库“microsoft/STL”添加模块源“G:\VS\VC\Tools\MSVC\14.44.35207\modules\std.ixx”，以使用此项目生成。
         正在从库“microsoft/STL”添加模块源“G:\VS\VC\Tools\MSVC\14.44.35207\modules\std.compat.ixx”，以使用此项目生成。
       QtPrepare:
          Qt/MSBuild: 3.5.0.0
     2>已完成生成项目“H:\Project\Ksword5.1\Ksword5.1\Ksword5.1\Ksword5.1.vcxproj”(默认目标)的操作 - 失败。
     1>已完成生成项目“H:\Project\Ksword5.1\Ksword5.1\Ksword5.1.sln”(Build 个目标)的操作 - 失败。

生成失败。
    0 个警告
    0 个错误

已用时间 00:00:02.35
